[0.010s] Invoking command in '/ros2_ws/build/webots_platform': CMAKE_PREFIX_PATH=/opt/ros/humble /usr/bin/cmake /ros2_ws/src/webots_platform -DCMAKE_BUILD_TYPE=Release -DAMENT_CMAKE_SYMLINK_INSTALL=1 -DCMAKE_INSTALL_PREFIX=/ros2_ws/install/webots_platform
[0.080s] -- The C compiler identification is GNU 11.4.0
[0.149s] -- The CXX compiler identification is GNU 11.4.0
[0.155s] -- Detecting C compiler ABI info
[0.229s] -- Detecting C compiler ABI info - done
[0.244s] -- Check for working C compiler: /usr/bin/cc - skipped
[0.244s] -- Detecting C compile features
[0.244s] -- Detecting C compile features - done
[0.249s] -- Detecting CXX compiler ABI info
[0.331s] -- Detecting CXX compiler ABI info - done
[0.339s] -- Check for working CXX compiler: /usr/bin/c++ - skipped
[0.339s] -- Detecting CXX compile features
[0.340s] -- Detecting CXX compile features - done
[0.342s] -- Found ament_cmake: 1.3.12 (/opt/ros/humble/share/ament_cmake/cmake)
[0.513s] -- Found Python3: /usr/bin/python3 (found version "3.10.12") found components: Interpreter 
[0.588s] -- Override CMake install command with custom implementation using symlinks instead of copying resources
[0.634s] -- Found rclcpp: 16.0.17 (/opt/ros/humble/share/rclcpp/cmake)
[0.679s] -- Found rosidl_generator_c: 3.1.8 (/opt/ros/humble/share/rosidl_generator_c/cmake)
[0.686s] -- Found rosidl_adapter: 3.1.8 (/opt/ros/humble/share/rosidl_adapter/cmake)
[0.694s] -- Found rosidl_generator_cpp: 3.1.8 (/opt/ros/humble/share/rosidl_generator_cpp/cmake)
[0.706s] -- Using all available rosidl_typesupport_c: rosidl_typesupport_fastrtps_c;rosidl_typesupport_introspection_c
[0.723s] -- Using all available rosidl_typesupport_cpp: rosidl_typesupport_fastrtps_cpp;rosidl_typesupport_introspection_cpp
[0.768s] -- Found rmw_implementation_cmake: 6.1.2 (/opt/ros/humble/share/rmw_implementation_cmake/cmake)
[0.770s] -- Found rmw_fastrtps_cpp: 6.2.9 (/opt/ros/humble/share/rmw_fastrtps_cpp/cmake)
[0.862s] -- Found OpenSSL: /usr/lib/x86_64-linux-gnu/libcrypto.so (found version "3.0.2")  
[0.898s] -- Found FastRTPS: /opt/ros/humble/include  
[0.953s] -- Using RMW implementation 'rmw_fastrtps_cpp' as default
[0.965s] -- Looking for pthread.h
[1.064s] -- Looking for pthread.h - found
[1.064s] -- Performing Test CMAKE_HAVE_LIBC_PTHREAD
[1.145s] -- Performing Test CMAKE_HAVE_LIBC_PTHREAD - Success
[1.147s] -- Found Threads: TRUE  
[1.236s] -- Found rclpy: 3.3.19 (/opt/ros/humble/share/rclpy/cmake)
[1.238s] -- Found geometry_msgs: 4.9.0 (/opt/ros/humble/share/geometry_msgs/cmake)
[1.258s] -- Found webots_ros2_driver: 2025.0.0 (/opt/ros/humble/share/webots_ros2_driver/cmake)
[1.318s] -- Found eigen3_cmake_module: 0.1.1 (/opt/ros/humble/share/eigen3_cmake_module/cmake)
[1.319s] -- Found Eigen3: TRUE (found version "3.4.0") 
[1.320s] -- Ensuring Eigen3 include directory is part of orocos-kdl CMake target
[1.556s] -- Found pluginlib: 5.1.3 (/opt/ros/humble/share/pluginlib/cmake)
[1.559s] -- Found nav_msgs: 4.9.0 (/opt/ros/humble/share/nav_msgs/cmake)
[1.582s] -- Found ament_lint_auto: 0.12.14 (/opt/ros/humble/share/ament_lint_auto/cmake)
[1.692s] -- Added test 'cppcheck' to perform static code analysis on C / C++ code
[1.693s] -- Configured cppcheck include dirs: /ros2_ws/src/webots_platform/include
[1.693s] -- Configured cppcheck exclude dirs and/or files: 
[1.693s] -- Added test 'flake8' to check Python code syntax and style conventions
[1.694s] -- Added test 'lint_cmake' to check CMake code style
[1.694s] -- Added test 'pep257' to check Python code against some of the docstring style conventions in PEP 257
[1.696s] -- Added test 'uncrustify' to check C / C++ code style
[1.696s] -- Configured uncrustify additional arguments: 
[1.696s] -- Added test 'xmllint' to check XML markup files
[1.700s] -- Configuring done
[1.725s] -- Generating done
[1.729s] -- Build files have been written to: /ros2_ws/build/webots_platform
[1.739s] Invoked command in '/ros2_ws/build/webots_platform' returned '0': CMAKE_PREFIX_PATH=/opt/ros/humble /usr/bin/cmake /ros2_ws/src/webots_platform -DCMAKE_BUILD_TYPE=Release -DAMENT_CMAKE_SYMLINK_INSTALL=1 -DCMAKE_INSTALL_PREFIX=/ros2_ws/install/webots_platform
[1.740s] Invoking command in '/ros2_ws/build/webots_platform': CMAKE_PREFIX_PATH=/opt/ros/humble /usr/bin/cmake --build /ros2_ws/build/webots_platform -- -j12 -l12
[1.804s] [ 50%] Building CXX object CMakeFiles/webots_platform.dir/src/UGV_Driver.cpp.o
[11.429s] [100%] Linking CXX shared library libwebots_platform.so
[11.641s] [100%] Built target webots_platform
[11.653s] Invoked command in '/ros2_ws/build/webots_platform' returned '0': CMAKE_PREFIX_PATH=/opt/ros/humble /usr/bin/cmake --build /ros2_ws/build/webots_platform -- -j12 -l12
[11.655s] Invoking command in '/ros2_ws/build/webots_platform': CMAKE_PREFIX_PATH=/opt/ros/humble /usr/bin/cmake --install /ros2_ws/build/webots_platform
[11.666s] -- Install configuration: "Release"
[11.666s] -- Execute custom install script
[11.667s] -- Symlinking: /ros2_ws/install/webots_platform/share/webots_platform//ugv_driver.xml
[11.677s] -- Symlinking: /ros2_ws/install/webots_platform/lib/libwebots_platform.so
[11.694s] -- Symlinking: /ros2_ws/install/webots_platform/share/webots_platform//launch/robot_simulation.launch.py
[11.709s] -- Symlinking: /ros2_ws/install/webots_platform/share/webots_platform//launch/ugv_description.launch.py
[11.724s] -- Symlinking: /ros2_ws/install/webots_platform/share/webots_platform//launch/world_simulation.launch.py
[11.739s] -- Symlinking: /ros2_ws/install/webots_platform/share/webots_platform//resources/rosbot_controllers.yaml
[11.752s] -- Symlinking: /ros2_ws/install/webots_platform/share/webots_platform//resources/rosbot_links_remappings.yaml
[11.763s] -- Symlinking: /ros2_ws/install/webots_platform/share/webots_platform//worlds/.test.wbproj
[11.770s] -- Symlinking: /ros2_ws/install/webots_platform/share/webots_platform//worlds/.ugv_world.wbproj
[11.781s] -- Symlinking: /ros2_ws/install/webots_platform/share/webots_platform//worlds/proto
[11.789s] -- Symlinking: /ros2_ws/install/webots_platform/share/webots_platform//worlds/robot.wbt
[11.799s] -- Symlinking: /ros2_ws/install/webots_platform/share/webots_platform//worlds/test.wbt
[11.813s] -- Symlinking: /ros2_ws/install/webots_platform/share/webots_platform//worlds/ugv_it_office.wbt
[11.824s] -- Symlinking: /ros2_ws/install/webots_platform/share/webots_platform//worlds/ugv_world.wbt
[11.840s] -- Symlinking: /ros2_ws/install/webots_platform/share/webots_platform//worlds/ugv_world_it.wbt
[11.851s] -- Symlinking: /ros2_ws/install/webots_platform/share/webots_platform//worlds/ugv_world_updated.wbt
[11.863s] -- Symlinking: /ros2_ws/install/webots_platform/share/webots_platform//config/Robot.urdf
[11.872s] -- Symlinking: /ros2_ws/install/webots_platform/share/webots_platform//config/Rosbot.urdf
[11.878s] -- Symlinking: /ros2_ws/install/webots_platform/share/webots_platform//config/UGV.urdf
[11.886s] -- Symlinking: /ros2_ws/install/webots_platform/share/webots_platform//config/ugv.urdf
[11.901s] -- Symlinking: /ros2_ws/install/webots_platform/share/webots_platform//config/ugv_mod.urdf
[11.908s] -- Symlinking: /ros2_ws/install/webots_platform/share/webots_platform//config/ugv_mode.urdf
[11.918s] -- Symlinking: /ros2_ws/install/webots_platform/share/webots_platform//rviz/webot_viz.rviz
[11.926s] -- Symlinking: /ros2_ws/install/webots_platform/share/webots_platform//protos/UGV.proto
[11.939s] -- Symlinking: /ros2_ws/install/webots_platform/share/webots_platform/environment/library_path.sh
[11.955s] -- Symlinking: /ros2_ws/install/webots_platform/share/webots_platform/environment/library_path.dsv
[11.966s] -- Symlinking: /ros2_ws/install/webots_platform/lib/webots_platform/ugv_controller.py
[11.981s] -- Symlinking: /ros2_ws/install/webots_platform/lib/webots_platform/spawn_proto_robot.py
[11.996s] -- Symlinking: /ros2_ws/install/webots_platform/lib/webots_platform/odom_debugger.py
[12.009s] -- Symlinking: /ros2_ws/install/webots_platform/share/ament_index/resource_index/package_run_dependencies/webots_platform
[12.022s] -- Symlinking: /ros2_ws/install/webots_platform/share/ament_index/resource_index/parent_prefix_path/webots_platform
[12.035s] -- Symlinking: /ros2_ws/install/webots_platform/share/webots_platform/environment/ament_prefix_path.sh
[12.044s] -- Symlinking: /ros2_ws/install/webots_platform/share/webots_platform/environment/ament_prefix_path.dsv
[12.054s] -- Symlinking: /ros2_ws/install/webots_platform/share/webots_platform/environment/path.sh
[12.063s] -- Symlinking: /ros2_ws/install/webots_platform/share/webots_platform/environment/path.dsv
[12.076s] -- Symlinking: /ros2_ws/install/webots_platform/share/webots_platform/local_setup.bash
[12.086s] -- Symlinking: /ros2_ws/install/webots_platform/share/webots_platform/local_setup.sh
[12.096s] -- Symlinking: /ros2_ws/install/webots_platform/share/webots_platform/local_setup.zsh
[12.108s] -- Symlinking: /ros2_ws/install/webots_platform/share/webots_platform/local_setup.dsv
[12.123s] -- Symlinking: /ros2_ws/install/webots_platform/share/webots_platform/package.dsv
[12.133s] -- Symlinking: /ros2_ws/install/webots_platform/share/ament_index/resource_index/packages/webots_platform
[12.151s] -- Symlinking: /ros2_ws/install/webots_platform/share/ament_index/resource_index/webots_ros2_driver__pluginlib__plugin/webots_platform
[12.162s] -- Symlinking: /ros2_ws/install/webots_platform/share/webots_platform/cmake/ament_cmake_export_include_directories-extras.cmake
[12.178s] -- Symlinking: /ros2_ws/install/webots_platform/share/webots_platform/cmake/ament_cmake_export_libraries-extras.cmake
[12.192s] -- Symlinking: /ros2_ws/install/webots_platform/share/webots_platform/cmake/webots_platformConfig.cmake
[12.208s] -- Symlinking: /ros2_ws/install/webots_platform/share/webots_platform/cmake/webots_platformConfig-version.cmake
[12.218s] -- Symlinking: /ros2_ws/install/webots_platform/share/webots_platform/package.xml
[12.234s] Invoked command in '/ros2_ws/build/webots_platform' returned '0': CMAKE_PREFIX_PATH=/opt/ros/humble /usr/bin/cmake --install /ros2_ws/build/webots_platform
