[0.012s] Invoking command in '/ros2_ws/build/sensor_fusion': CMAKE_PREFIX_PATH=/opt/ros/humble /usr/bin/cmake /ros2_ws/src/sensor_fusion -DCMAKE_BUILD_TYPE=Release -DAMENT_CMAKE_SYMLINK_INSTALL=1 -DCMAKE_INSTALL_PREFIX=/ros2_ws/install/sensor_fusion
[0.090s] -- The C compiler identification is GNU 11.4.0
[0.156s] -- The CXX compiler identification is GNU 11.4.0
[0.164s] -- Detecting C compiler ABI info
[0.243s] -- Detecting C compiler ABI info - done
[0.249s] -- Check for working C compiler: /usr/bin/cc - skipped
[0.250s] -- Detecting C compile features
[0.250s] -- Detecting C compile features - done
[0.252s] -- Detecting CXX compiler ABI info
[0.348s] -- Detecting CXX compiler ABI info - done
[0.355s] -- Check for working CXX compiler: /usr/bin/c++ - skipped
[0.355s] -- Detecting CXX compile features
[0.355s] -- Detecting CXX compile features - done
[0.358s] -- Found ament_cmake: 1.3.12 (/opt/ros/humble/share/ament_cmake/cmake)
[0.525s] -- Found Python3: /usr/bin/python3 (found version "3.10.12") found components: Interpreter 
[0.591s] -- Override CMake install command with custom implementation using symlinks instead of copying resources
[0.638s] -- Found rclcpp: 16.0.17 (/opt/ros/humble/share/rclcpp/cmake)
[0.694s] -- Found rosidl_generator_c: 3.1.8 (/opt/ros/humble/share/rosidl_generator_c/cmake)
[0.701s] -- Found rosidl_adapter: 3.1.8 (/opt/ros/humble/share/rosidl_adapter/cmake)
[0.714s] -- Found rosidl_generator_cpp: 3.1.8 (/opt/ros/humble/share/rosidl_generator_cpp/cmake)
[0.731s] -- Using all available rosidl_typesupport_c: rosidl_typesupport_fastrtps_c;rosidl_typesupport_introspection_c
[0.755s] -- Using all available rosidl_typesupport_cpp: rosidl_typesupport_fastrtps_cpp;rosidl_typesupport_introspection_cpp
[0.822s] -- Found rmw_implementation_cmake: 6.1.2 (/opt/ros/humble/share/rmw_implementation_cmake/cmake)
[0.826s] -- Found rmw_fastrtps_cpp: 6.2.9 (/opt/ros/humble/share/rmw_fastrtps_cpp/cmake)
[0.923s] -- Found OpenSSL: /usr/lib/x86_64-linux-gnu/libcrypto.so (found version "3.0.2")  
[0.951s] -- Found FastRTPS: /opt/ros/humble/include  
[1.006s] -- Using RMW implementation 'rmw_fastrtps_cpp' as default
[1.018s] -- Looking for pthread.h
[1.109s] -- Looking for pthread.h - found
[1.109s] -- Performing Test CMAKE_HAVE_LIBC_PTHREAD
[1.177s] -- Performing Test CMAKE_HAVE_LIBC_PTHREAD - Success
[1.178s] -- Found Threads: TRUE  
[1.232s] -- Found rclpy: 3.3.19 (/opt/ros/humble/share/rclpy/cmake)
[1.234s] -- Found geometry_msgs: 4.9.0 (/opt/ros/humble/share/geometry_msgs/cmake)
[1.248s] -- Found webots_ros2_driver: 2025.0.0 (/opt/ros/humble/share/webots_ros2_driver/cmake)
[1.283s] -- Found eigen3_cmake_module: 0.1.1 (/opt/ros/humble/share/eigen3_cmake_module/cmake)
[1.285s] -- Found Eigen3: TRUE (found version "3.4.0") 
[1.285s] -- Ensuring Eigen3 include directory is part of orocos-kdl CMake target
[1.494s] -- Found pluginlib: 5.1.3 (/opt/ros/humble/share/pluginlib/cmake)
[1.497s] -- Found nav_msgs: 4.9.0 (/opt/ros/humble/share/nav_msgs/cmake)
[1.512s] -- Found ament_lint_auto: 0.12.14 (/opt/ros/humble/share/ament_lint_auto/cmake)
[1.608s] -- Added test 'flake8' to check Python code syntax and style conventions
[1.609s] -- Added test 'lint_cmake' to check CMake code style
[1.610s] -- Added test 'pep257' to check Python code against some of the docstring style conventions in PEP 257
[1.612s] -- Added test 'xmllint' to check XML markup files
[1.613s] -- Configuring done
[1.621s] -- Generating done
[1.625s] -- Build files have been written to: /ros2_ws/build/sensor_fusion
[1.637s] Invoked command in '/ros2_ws/build/sensor_fusion' returned '0': CMAKE_PREFIX_PATH=/opt/ros/humble /usr/bin/cmake /ros2_ws/src/sensor_fusion -DCMAKE_BUILD_TYPE=Release -DAMENT_CMAKE_SYMLINK_INSTALL=1 -DCMAKE_INSTALL_PREFIX=/ros2_ws/install/sensor_fusion
[1.638s] Invoking command in '/ros2_ws/build/sensor_fusion': CMAKE_PREFIX_PATH=/opt/ros/humble /usr/bin/cmake --build /ros2_ws/build/sensor_fusion -- -j12 -l12
[1.684s] Invoked command in '/ros2_ws/build/sensor_fusion' returned '0': CMAKE_PREFIX_PATH=/opt/ros/humble /usr/bin/cmake --build /ros2_ws/build/sensor_fusion -- -j12 -l12
[1.686s] Invoking command in '/ros2_ws/build/sensor_fusion': CMAKE_PREFIX_PATH=/opt/ros/humble /usr/bin/cmake --install /ros2_ws/build/sensor_fusion
[1.694s] -- Install configuration: "Release"
[1.694s] -- Execute custom install script
[1.694s] -- Symlinking: /ros2_ws/install/sensor_fusion/share/sensor_fusion//launch/ekf_test.launch.py
[1.706s] -- Symlinking: /ros2_ws/install/sensor_fusion/share/sensor_fusion//config/Figure_1.png
[1.715s] -- Symlinking: /ros2_ws/install/sensor_fusion/share/sensor_fusion//config/sensor_fusion.png
[1.727s] -- Symlinking: /ros2_ws/install/sensor_fusion/share/sensor_fusion//params/ekf_params.yaml
[1.738s] -- Symlinking: /ros2_ws/install/sensor_fusion/lib/sensor_fusion/data_viz.py
[1.747s] -- Symlinking: /ros2_ws/install/sensor_fusion/lib/sensor_fusion/slippage_generator.py
[1.758s] -- Symlinking: /ros2_ws/install/sensor_fusion/share/ament_index/resource_index/package_run_dependencies/sensor_fusion
[1.764s] -- Symlinking: /ros2_ws/install/sensor_fusion/share/ament_index/resource_index/parent_prefix_path/sensor_fusion
[1.774s] -- Symlinking: /ros2_ws/install/sensor_fusion/share/sensor_fusion/environment/ament_prefix_path.sh
[1.785s] -- Symlinking: /ros2_ws/install/sensor_fusion/share/sensor_fusion/environment/ament_prefix_path.dsv
[1.795s] -- Symlinking: /ros2_ws/install/sensor_fusion/share/sensor_fusion/environment/path.sh
[1.808s] -- Symlinking: /ros2_ws/install/sensor_fusion/share/sensor_fusion/environment/path.dsv
[1.818s] -- Symlinking: /ros2_ws/install/sensor_fusion/share/sensor_fusion/local_setup.bash
[1.827s] -- Symlinking: /ros2_ws/install/sensor_fusion/share/sensor_fusion/local_setup.sh
[1.834s] -- Symlinking: /ros2_ws/install/sensor_fusion/share/sensor_fusion/local_setup.zsh
[1.842s] -- Symlinking: /ros2_ws/install/sensor_fusion/share/sensor_fusion/local_setup.dsv
[1.852s] -- Symlinking: /ros2_ws/install/sensor_fusion/share/sensor_fusion/package.dsv
[1.862s] -- Symlinking: /ros2_ws/install/sensor_fusion/share/ament_index/resource_index/packages/sensor_fusion
[1.870s] -- Symlinking: /ros2_ws/install/sensor_fusion/share/sensor_fusion/cmake/sensor_fusionConfig.cmake
[1.880s] -- Symlinking: /ros2_ws/install/sensor_fusion/share/sensor_fusion/cmake/sensor_fusionConfig-version.cmake
[1.891s] -- Symlinking: /ros2_ws/install/sensor_fusion/share/sensor_fusion/package.xml
[1.916s] Invoked command in '/ros2_ws/build/sensor_fusion' returned '0': CMAKE_PREFIX_PATH=/opt/ros/humble /usr/bin/cmake --install /ros2_ws/build/sensor_fusion
