-- The C compiler identification is GNU 11.4.0
-- The CXX compiler identification is GNU 11.4.0
-- Detecting C compiler ABI info
-- Detecting C compiler ABI info - done
-- Check for working C compiler: /usr/bin/cc - skipped
-- Detecting C compile features
-- Detecting C compile features - done
-- Detecting CXX compiler ABI info
-- Detecting CXX compiler ABI info - done
-- Check for working CXX compiler: /usr/bin/c++ - skipped
-- Detecting CXX compile features
-- Detecting CXX compile features - done
-- Found ament_cmake: 1.3.12 (/opt/ros/humble/share/ament_cmake/cmake)
-- Found Python3: /usr/bin/python3 (found version "3.10.12") found components: Interpreter 
-- Override CMake install command with custom implementation using symlinks instead of copying resources
-- Found rclcpp: 16.0.17 (/opt/ros/humble/share/rclcpp/cmake)
-- Found rosidl_generator_c: 3.1.8 (/opt/ros/humble/share/rosidl_generator_c/cmake)
-- Found rosidl_adapter: 3.1.8 (/opt/ros/humble/share/rosidl_adapter/cmake)
-- Found rosidl_generator_cpp: 3.1.8 (/opt/ros/humble/share/rosidl_generator_cpp/cmake)
-- Using all available rosidl_typesupport_c: rosidl_typesupport_fastrtps_c;rosidl_typesupport_introspection_c
-- Using all available rosidl_typesupport_cpp: rosidl_typesupport_fastrtps_cpp;rosidl_typesupport_introspection_cpp
-- Found rmw_implementation_cmake: 6.1.2 (/opt/ros/humble/share/rmw_implementation_cmake/cmake)
-- Found rmw_fastrtps_cpp: 6.2.9 (/opt/ros/humble/share/rmw_fastrtps_cpp/cmake)
-- Found OpenSSL: /usr/lib/x86_64-linux-gnu/libcrypto.so (found version "3.0.2")  
-- Found FastRTPS: /opt/ros/humble/include  
-- Using RMW implementation 'rmw_fastrtps_cpp' as default
-- Looking for pthread.h
-- Looking for pthread.h - found
-- Performing Test CMAKE_HAVE_LIBC_PTHREAD
-- Performing Test CMAKE_HAVE_LIBC_PTHREAD - Success
-- Found Threads: TRUE  
-- Found rclpy: 3.3.19 (/opt/ros/humble/share/rclpy/cmake)
-- Found geometry_msgs: 4.9.0 (/opt/ros/humble/share/geometry_msgs/cmake)
-- Found webots_ros2_driver: 2025.0.0 (/opt/ros/humble/share/webots_ros2_driver/cmake)
-- Found eigen3_cmake_module: 0.1.1 (/opt/ros/humble/share/eigen3_cmake_module/cmake)
-- Found Eigen3: TRUE (found version "3.4.0") 
-- Ensuring Eigen3 include directory is part of orocos-kdl CMake target
-- Found pluginlib: 5.1.3 (/opt/ros/humble/share/pluginlib/cmake)
-- Found nav_msgs: 4.9.0 (/opt/ros/humble/share/nav_msgs/cmake)
-- Found rtabmap_ros: 0.22.1 (/opt/ros/humble/share/rtabmap_ros/cmake)
-- Found ament_lint_auto: 0.12.14 (/opt/ros/humble/share/ament_lint_auto/cmake)
-- Added test 'flake8' to check Python code syntax and style conventions
-- Added test 'lint_cmake' to check CMake code style
-- Added test 'pep257' to check Python code against some of the docstring style conventions in PEP 257
-- Added test 'xmllint' to check XML markup files
-- Configuring done
-- Generating done
-- Build files have been written to: /ros2_ws/build/autonomous_navigation
-- Install configuration: "Release"
-- Execute custom install script
-- Symlinking: /ros2_ws/install/autonomous_navigation/share/autonomous_navigation//launch/rtabmap_localization.launch.py
-- Symlinking: /ros2_ws/install/autonomous_navigation/share/autonomous_navigation//launch/rtabmap_mapping.launch.py
-- Symlinking: /ros2_ws/install/autonomous_navigation/share/autonomous_navigation//launch/rtabmap_mapping_bkpup
-- Symlinking: /ros2_ws/install/autonomous_navigation/share/autonomous_navigation//config/mapping_rqt.png
-- Symlinking: /ros2_ws/install/autonomous_navigation/share/autonomous_navigation//config/nav2.yaml
-- Symlinking: /ros2_ws/install/autonomous_navigation/share/ament_index/resource_index/package_run_dependencies/autonomous_navigation
-- Symlinking: /ros2_ws/install/autonomous_navigation/share/ament_index/resource_index/parent_prefix_path/autonomous_navigation
-- Symlinking: /ros2_ws/install/autonomous_navigation/share/autonomous_navigation/environment/ament_prefix_path.sh
-- Symlinking: /ros2_ws/install/autonomous_navigation/share/autonomous_navigation/environment/ament_prefix_path.dsv
-- Symlinking: /ros2_ws/install/autonomous_navigation/share/autonomous_navigation/environment/path.sh
-- Symlinking: /ros2_ws/install/autonomous_navigation/share/autonomous_navigation/environment/path.dsv
-- Symlinking: /ros2_ws/install/autonomous_navigation/share/autonomous_navigation/local_setup.bash
-- Symlinking: /ros2_ws/install/autonomous_navigation/share/autonomous_navigation/local_setup.sh
-- Symlinking: /ros2_ws/install/autonomous_navigation/share/autonomous_navigation/local_setup.zsh
-- Symlinking: /ros2_ws/install/autonomous_navigation/share/autonomous_navigation/local_setup.dsv
-- Symlinking: /ros2_ws/install/autonomous_navigation/share/autonomous_navigation/package.dsv
-- Symlinking: /ros2_ws/install/autonomous_navigation/share/ament_index/resource_index/packages/autonomous_navigation
-- Symlinking: /ros2_ws/install/autonomous_navigation/share/autonomous_navigation/cmake/autonomous_navigationConfig.cmake
-- Symlinking: /ros2_ws/install/autonomous_navigation/share/autonomous_navigation/cmake/autonomous_navigationConfig-version.cmake
-- Symlinking: /ros2_ws/install/autonomous_navigation/share/autonomous_navigation/package.xml
