[0.085s] DEBUG:colcon:Command line arguments: ['/usr/bin/colcon', 'build', '--symlink-install', '--cmake-args', '-DCMAKE_BUILD_TYPE=Release']
[0.085s] DEBUG:colcon:Parsed command line arguments: Namespace(log_base=None, log_level=None, verb_name='build', build_base='build', install_base='install', merge_install=False, symlink_install=True, test_result_base=None, continue_on_error=False, executor='parallel', parallel_workers=12, event_handlers=None, ignore_user_meta=False, metas=['./colcon.meta'], base_paths=['.'], packages_ignore=None, packages_ignore_regex=None, paths=None, packages_up_to=None, packages_up_to_regex=None, packages_above=None, packages_above_and_dependencies=None, packages_above_depth=None, packages_select_by_dep=None, packages_skip_by_dep=None, packages_skip_up_to=None, packages_select_build_failed=False, packages_skip_build_finished=False, packages_select_test_failures=False, packages_skip_test_passed=False, packages_select=None, packages_skip=None, packages_select_regex=None, packages_skip_regex=None, packages_start=None, packages_end=None, allow_overriding=[], cmake_args=['-DCMAKE_BUILD_TYPE=Release'], cmake_target=None, cmake_target_skip_unavailable=False, cmake_clean_cache=False, cmake_clean_first=False, cmake_force_configure=False, ament_cmake_args=None, catkin_cmake_args=None, catkin_skip_building_tests=False, verb_parser=<colcon_defaults.argument_parser.defaults.DefaultArgumentsDecorator object at 0x7d04c26eafb0>, verb_extension=<colcon_core.verb.build.BuildVerb object at 0x7d04c26ea6b0>, main=<bound method BuildVerb.main of <colcon_core.verb.build.BuildVerb object at 0x7d04c26ea6b0>>)
[0.191s] Level 1:colcon.colcon_core.package_discovery:discover_packages(colcon_meta) check parameters
[0.191s] Level 1:colcon.colcon_core.package_discovery:discover_packages(recursive) check parameters
[0.191s] Level 1:colcon.colcon_core.package_discovery:discover_packages(ignore) check parameters
[0.191s] Level 1:colcon.colcon_core.package_discovery:discover_packages(path) check parameters
[0.191s] Level 1:colcon.colcon_core.package_discovery:discover_packages(colcon_meta) discover
[0.191s] Level 1:colcon.colcon_core.package_discovery:discover_packages(recursive) discover
[0.191s] INFO:colcon.colcon_core.package_discovery:Crawling recursively for packages in '/ros2_ws'
[0.191s] Level 1:colcon.colcon_core.package_identification:_identify(.) by extensions ['ignore', 'ignore_ament_install']
[0.191s] Level 1:colcon.colcon_core.package_identification:_identify(.) by extension 'ignore'
[0.191s] Level 1:colcon.colcon_core.package_identification:_identify(.) by extension 'ignore_ament_install'
[0.192s] Level 1:colcon.colcon_core.package_identification:_identify(.) by extensions ['colcon_pkg']
[0.192s] Level 1:colcon.colcon_core.package_identification:_identify(.) by extension 'colcon_pkg'
[0.192s] Level 1:colcon.colcon_core.package_identification:_identify(.) by extensions ['colcon_meta']
[0.192s] Level 1:colcon.colcon_core.package_identification:_identify(.) by extension 'colcon_meta'
[0.192s] Level 1:colcon.colcon_core.package_identification:_identify(.) by extensions ['ros']
[0.192s] Level 1:colcon.colcon_core.package_identification:_identify(.) by extension 'ros'
[0.200s] Level 1:colcon.colcon_core.package_identification:_identify(.) by extensions ['cmake', 'python']
[0.200s] Level 1:colcon.colcon_core.package_identification:_identify(.) by extension 'cmake'
[0.200s] Level 1:colcon.colcon_core.package_identification:_identify(.) by extension 'python'
[0.200s] Level 1:colcon.colcon_core.package_identification:_identify(.) by extensions ['python_setup_py']
[0.200s] Level 1:colcon.colcon_core.package_identification:_identify(.) by extension 'python_setup_py'
[0.200s] Level 1:colcon.colcon_core.package_identification:_identify(build) by extensions ['ignore', 'ignore_ament_install']
[0.200s] Level 1:colcon.colcon_core.package_identification:_identify(build) by extension 'ignore'
[0.200s] Level 1:colcon.colcon_core.package_identification:_identify(build) ignored
[0.200s] Level 1:colcon.colcon_core.package_identification:_identify(install) by extensions ['ignore', 'ignore_ament_install']
[0.200s] Level 1:colcon.colcon_core.package_identification:_identify(install) by extension 'ignore'
[0.200s] Level 1:colcon.colcon_core.package_identification:_identify(install) ignored
[0.200s] Level 1:colcon.colcon_core.package_identification:_identify(log) by extensions ['ignore', 'ignore_ament_install']
[0.200s] Level 1:colcon.colcon_core.package_identification:_identify(log) by extension 'ignore'
[0.200s] Level 1:colcon.colcon_core.package_identification:_identify(log) ignored
[0.200s] Level 1:colcon.colcon_core.package_identification:_identify(src) by extensions ['ignore', 'ignore_ament_install']
[0.200s] Level 1:colcon.colcon_core.package_identification:_identify(src) by extension 'ignore'
[0.200s] Level 1:colcon.colcon_core.package_identification:_identify(src) by extension 'ignore_ament_install'
[0.200s] Level 1:colcon.colcon_core.package_identification:_identify(src) by extensions ['colcon_pkg']
[0.200s] Level 1:colcon.colcon_core.package_identification:_identify(src) by extension 'colcon_pkg'
[0.200s] Level 1:colcon.colcon_core.package_identification:_identify(src) by extensions ['colcon_meta']
[0.200s] Level 1:colcon.colcon_core.package_identification:_identify(src) by extension 'colcon_meta'
[0.200s] Level 1:colcon.colcon_core.package_identification:_identify(src) by extensions ['ros']
[0.200s] Level 1:colcon.colcon_core.package_identification:_identify(src) by extension 'ros'
[0.200s] Level 1:colcon.colcon_core.package_identification:_identify(src) by extensions ['cmake', 'python']
[0.200s] Level 1:colcon.colcon_core.package_identification:_identify(src) by extension 'cmake'
[0.200s] Level 1:colcon.colcon_core.package_identification:_identify(src) by extension 'python'
[0.200s] Level 1:colcon.colcon_core.package_identification:_identify(src) by extensions ['python_setup_py']
[0.200s] Level 1:colcon.colcon_core.package_identification:_identify(src) by extension 'python_setup_py'
[0.201s] Level 1:colcon.colcon_core.package_identification:_identify(src/autonomous_navigation) by extensions ['ignore', 'ignore_ament_install']
[0.201s] Level 1:colcon.colcon_core.package_identification:_identify(src/autonomous_navigation) by extension 'ignore'
[0.201s] Level 1:colcon.colcon_core.package_identification:_identify(src/autonomous_navigation) by extension 'ignore_ament_install'
[0.201s] Level 1:colcon.colcon_core.package_identification:_identify(src/autonomous_navigation) by extensions ['colcon_pkg']
[0.201s] Level 1:colcon.colcon_core.package_identification:_identify(src/autonomous_navigation) by extension 'colcon_pkg'
[0.201s] Level 1:colcon.colcon_core.package_identification:_identify(src/autonomous_navigation) by extensions ['colcon_meta']
[0.201s] Level 1:colcon.colcon_core.package_identification:_identify(src/autonomous_navigation) by extension 'colcon_meta'
[0.201s] Level 1:colcon.colcon_core.package_identification:_identify(src/autonomous_navigation) by extensions ['ros']
[0.201s] Level 1:colcon.colcon_core.package_identification:_identify(src/autonomous_navigation) by extension 'ros'
[0.203s] DEBUG:colcon.colcon_core.package_identification:Package 'src/autonomous_navigation' with type 'ros.ament_cmake' and name 'autonomous_navigation'
[0.203s] Level 1:colcon.colcon_core.package_identification:_identify(src/sensor_fusion) by extensions ['ignore', 'ignore_ament_install']
[0.203s] Level 1:colcon.colcon_core.package_identification:_identify(src/sensor_fusion) by extension 'ignore'
[0.203s] Level 1:colcon.colcon_core.package_identification:_identify(src/sensor_fusion) by extension 'ignore_ament_install'
[0.203s] Level 1:colcon.colcon_core.package_identification:_identify(src/sensor_fusion) by extensions ['colcon_pkg']
[0.203s] Level 1:colcon.colcon_core.package_identification:_identify(src/sensor_fusion) by extension 'colcon_pkg'
[0.203s] Level 1:colcon.colcon_core.package_identification:_identify(src/sensor_fusion) by extensions ['colcon_meta']
[0.203s] Level 1:colcon.colcon_core.package_identification:_identify(src/sensor_fusion) by extension 'colcon_meta'
[0.203s] Level 1:colcon.colcon_core.package_identification:_identify(src/sensor_fusion) by extensions ['ros']
[0.203s] Level 1:colcon.colcon_core.package_identification:_identify(src/sensor_fusion) by extension 'ros'
[0.203s] DEBUG:colcon.colcon_core.package_identification:Package 'src/sensor_fusion' with type 'ros.ament_cmake' and name 'sensor_fusion'
[0.204s] Level 1:colcon.colcon_core.package_identification:_identify(src/virtual_odom) by extensions ['ignore', 'ignore_ament_install']
[0.204s] Level 1:colcon.colcon_core.package_identification:_identify(src/virtual_odom) by extension 'ignore'
[0.204s] Level 1:colcon.colcon_core.package_identification:_identify(src/virtual_odom) by extension 'ignore_ament_install'
[0.204s] Level 1:colcon.colcon_core.package_identification:_identify(src/virtual_odom) by extensions ['colcon_pkg']
[0.204s] Level 1:colcon.colcon_core.package_identification:_identify(src/virtual_odom) by extension 'colcon_pkg'
[0.204s] Level 1:colcon.colcon_core.package_identification:_identify(src/virtual_odom) by extensions ['colcon_meta']
[0.204s] Level 1:colcon.colcon_core.package_identification:_identify(src/virtual_odom) by extension 'colcon_meta'
[0.204s] Level 1:colcon.colcon_core.package_identification:_identify(src/virtual_odom) by extensions ['ros']
[0.204s] Level 1:colcon.colcon_core.package_identification:_identify(src/virtual_odom) by extension 'ros'
[0.204s] DEBUG:colcon.colcon_core.package_identification:Package 'src/virtual_odom' with type 'ros.ament_cmake' and name 'virtual_odom'
[0.205s] Level 1:colcon.colcon_core.package_identification:_identify(src/webots_platform) by extensions ['ignore', 'ignore_ament_install']
[0.205s] Level 1:colcon.colcon_core.package_identification:_identify(src/webots_platform) by extension 'ignore'
[0.205s] Level 1:colcon.colcon_core.package_identification:_identify(src/webots_platform) by extension 'ignore_ament_install'
[0.205s] Level 1:colcon.colcon_core.package_identification:_identify(src/webots_platform) by extensions ['colcon_pkg']
[0.205s] Level 1:colcon.colcon_core.package_identification:_identify(src/webots_platform) by extension 'colcon_pkg'
[0.205s] Level 1:colcon.colcon_core.package_identification:_identify(src/webots_platform) by extensions ['colcon_meta']
[0.205s] Level 1:colcon.colcon_core.package_identification:_identify(src/webots_platform) by extension 'colcon_meta'
[0.205s] Level 1:colcon.colcon_core.package_identification:_identify(src/webots_platform) by extensions ['ros']
[0.205s] Level 1:colcon.colcon_core.package_identification:_identify(src/webots_platform) by extension 'ros'
[0.205s] DEBUG:colcon.colcon_core.package_identification:Package 'src/webots_platform' with type 'ros.ament_cmake' and name 'webots_platform'
[0.205s] Level 1:colcon.colcon_core.package_discovery:discover_packages(recursive) using defaults
[0.205s] Level 1:colcon.colcon_core.package_discovery:discover_packages(ignore) discover
[0.205s] Level 1:colcon.colcon_core.package_discovery:discover_packages(ignore) using defaults
[0.205s] Level 1:colcon.colcon_core.package_discovery:discover_packages(path) discover
[0.205s] Level 1:colcon.colcon_core.package_discovery:discover_packages(path) using defaults
[0.222s] Level 1:colcon.colcon_core.package_discovery:discover_packages(prefix_path) check parameters
[0.222s] Level 1:colcon.colcon_core.package_discovery:discover_packages(prefix_path) discover
[0.224s] DEBUG:colcon.colcon_installed_package_information.package_discovery:Found 388 installed packages in /opt/ros/humble
[0.232s] Level 1:colcon.colcon_core.package_discovery:discover_packages(prefix_path) using defaults
[0.265s] Level 5:colcon.colcon_core.verb:set package 'autonomous_navigation' build argument 'cmake_args' from command line to '['-DCMAKE_BUILD_TYPE=Release']'
[0.265s] Level 5:colcon.colcon_core.verb:set package 'autonomous_navigation' build argument 'cmake_target' from command line to 'None'
[0.265s] Level 5:colcon.colcon_core.verb:set package 'autonomous_navigation' build argument 'cmake_target_skip_unavailable' from command line to 'False'
[0.265s] Level 5:colcon.colcon_core.verb:set package 'autonomous_navigation' build argument 'cmake_clean_cache' from command line to 'False'
[0.265s] Level 5:colcon.colcon_core.verb:set package 'autonomous_navigation' build argument 'cmake_clean_first' from command line to 'False'
[0.265s] Level 5:colcon.colcon_core.verb:set package 'autonomous_navigation' build argument 'cmake_force_configure' from command line to 'False'
[0.265s] Level 5:colcon.colcon_core.verb:set package 'autonomous_navigation' build argument 'ament_cmake_args' from command line to 'None'
[0.265s] Level 5:colcon.colcon_core.verb:set package 'autonomous_navigation' build argument 'catkin_cmake_args' from command line to 'None'
[0.265s] Level 5:colcon.colcon_core.verb:set package 'autonomous_navigation' build argument 'catkin_skip_building_tests' from command line to 'False'
[0.265s] DEBUG:colcon.colcon_core.verb:Building package 'autonomous_navigation' with the following arguments: {'ament_cmake_args': None, 'build_base': '/ros2_ws/build/autonomous_navigation', 'catkin_cmake_args': None, 'catkin_skip_building_tests': False, 'cmake_args': ['-DCMAKE_BUILD_TYPE=Release'], 'cmake_clean_cache': False, 'cmake_clean_first': False, 'cmake_force_configure': False, 'cmake_target': None, 'cmake_target_skip_unavailable': False, 'install_base': '/ros2_ws/install/autonomous_navigation', 'merge_install': False, 'path': '/ros2_ws/src/autonomous_navigation', 'symlink_install': True, 'test_result_base': None}
[0.265s] Level 5:colcon.colcon_core.verb:set package 'sensor_fusion' build argument 'cmake_args' from command line to '['-DCMAKE_BUILD_TYPE=Release']'
[0.265s] Level 5:colcon.colcon_core.verb:set package 'sensor_fusion' build argument 'cmake_target' from command line to 'None'
[0.265s] Level 5:colcon.colcon_core.verb:set package 'sensor_fusion' build argument 'cmake_target_skip_unavailable' from command line to 'False'
[0.265s] Level 5:colcon.colcon_core.verb:set package 'sensor_fusion' build argument 'cmake_clean_cache' from command line to 'False'
[0.265s] Level 5:colcon.colcon_core.verb:set package 'sensor_fusion' build argument 'cmake_clean_first' from command line to 'False'
[0.265s] Level 5:colcon.colcon_core.verb:set package 'sensor_fusion' build argument 'cmake_force_configure' from command line to 'False'
[0.265s] Level 5:colcon.colcon_core.verb:set package 'sensor_fusion' build argument 'ament_cmake_args' from command line to 'None'
[0.265s] Level 5:colcon.colcon_core.verb:set package 'sensor_fusion' build argument 'catkin_cmake_args' from command line to 'None'
[0.265s] Level 5:colcon.colcon_core.verb:set package 'sensor_fusion' build argument 'catkin_skip_building_tests' from command line to 'False'
[0.265s] DEBUG:colcon.colcon_core.verb:Building package 'sensor_fusion' with the following arguments: {'ament_cmake_args': None, 'build_base': '/ros2_ws/build/sensor_fusion', 'catkin_cmake_args': None, 'catkin_skip_building_tests': False, 'cmake_args': ['-DCMAKE_BUILD_TYPE=Release'], 'cmake_clean_cache': False, 'cmake_clean_first': False, 'cmake_force_configure': False, 'cmake_target': None, 'cmake_target_skip_unavailable': False, 'install_base': '/ros2_ws/install/sensor_fusion', 'merge_install': False, 'path': '/ros2_ws/src/sensor_fusion', 'symlink_install': True, 'test_result_base': None}
[0.265s] Level 5:colcon.colcon_core.verb:set package 'virtual_odom' build argument 'cmake_args' from command line to '['-DCMAKE_BUILD_TYPE=Release']'
[0.265s] Level 5:colcon.colcon_core.verb:set package 'virtual_odom' build argument 'cmake_target' from command line to 'None'
[0.265s] Level 5:colcon.colcon_core.verb:set package 'virtual_odom' build argument 'cmake_target_skip_unavailable' from command line to 'False'
[0.265s] Level 5:colcon.colcon_core.verb:set package 'virtual_odom' build argument 'cmake_clean_cache' from command line to 'False'
[0.265s] Level 5:colcon.colcon_core.verb:set package 'virtual_odom' build argument 'cmake_clean_first' from command line to 'False'
[0.265s] Level 5:colcon.colcon_core.verb:set package 'virtual_odom' build argument 'cmake_force_configure' from command line to 'False'
[0.266s] Level 5:colcon.colcon_core.verb:set package 'virtual_odom' build argument 'ament_cmake_args' from command line to 'None'
[0.266s] Level 5:colcon.colcon_core.verb:set package 'virtual_odom' build argument 'catkin_cmake_args' from command line to 'None'
[0.266s] Level 5:colcon.colcon_core.verb:set package 'virtual_odom' build argument 'catkin_skip_building_tests' from command line to 'False'
[0.266s] DEBUG:colcon.colcon_core.verb:Building package 'virtual_odom' with the following arguments: {'ament_cmake_args': None, 'build_base': '/ros2_ws/build/virtual_odom', 'catkin_cmake_args': None, 'catkin_skip_building_tests': False, 'cmake_args': ['-DCMAKE_BUILD_TYPE=Release'], 'cmake_clean_cache': False, 'cmake_clean_first': False, 'cmake_force_configure': False, 'cmake_target': None, 'cmake_target_skip_unavailable': False, 'install_base': '/ros2_ws/install/virtual_odom', 'merge_install': False, 'path': '/ros2_ws/src/virtual_odom', 'symlink_install': True, 'test_result_base': None}
[0.266s] Level 5:colcon.colcon_core.verb:set package 'webots_platform' build argument 'cmake_args' from command line to '['-DCMAKE_BUILD_TYPE=Release']'
[0.266s] Level 5:colcon.colcon_core.verb:set package 'webots_platform' build argument 'cmake_target' from command line to 'None'
[0.266s] Level 5:colcon.colcon_core.verb:set package 'webots_platform' build argument 'cmake_target_skip_unavailable' from command line to 'False'
[0.266s] Level 5:colcon.colcon_core.verb:set package 'webots_platform' build argument 'cmake_clean_cache' from command line to 'False'
[0.266s] Level 5:colcon.colcon_core.verb:set package 'webots_platform' build argument 'cmake_clean_first' from command line to 'False'
[0.266s] Level 5:colcon.colcon_core.verb:set package 'webots_platform' build argument 'cmake_force_configure' from command line to 'False'
[0.266s] Level 5:colcon.colcon_core.verb:set package 'webots_platform' build argument 'ament_cmake_args' from command line to 'None'
[0.266s] Level 5:colcon.colcon_core.verb:set package 'webots_platform' build argument 'catkin_cmake_args' from command line to 'None'
[0.266s] Level 5:colcon.colcon_core.verb:set package 'webots_platform' build argument 'catkin_skip_building_tests' from command line to 'False'
[0.266s] DEBUG:colcon.colcon_core.verb:Building package 'webots_platform' with the following arguments: {'ament_cmake_args': None, 'build_base': '/ros2_ws/build/webots_platform', 'catkin_cmake_args': None, 'catkin_skip_building_tests': False, 'cmake_args': ['-DCMAKE_BUILD_TYPE=Release'], 'cmake_clean_cache': False, 'cmake_clean_first': False, 'cmake_force_configure': False, 'cmake_target': None, 'cmake_target_skip_unavailable': False, 'install_base': '/ros2_ws/install/webots_platform', 'merge_install': False, 'path': '/ros2_ws/src/webots_platform', 'symlink_install': True, 'test_result_base': None}
[0.266s] INFO:colcon.colcon_core.executor:Executing jobs using 'parallel' executor
[0.267s] DEBUG:colcon.colcon_parallel_executor.executor.parallel:run_until_complete
[0.267s] INFO:colcon.colcon_ros.task.ament_cmake.build:Building ROS package in '/ros2_ws/src/autonomous_navigation' with build type 'ament_cmake'
[0.267s] INFO:colcon.colcon_cmake.task.cmake.build:Building CMake package in '/ros2_ws/src/autonomous_navigation'
[0.269s] INFO:colcon.colcon_core.plugin_system:Skipping extension 'colcon_core.shell.bat': Not used on non-Windows systems
[0.269s] INFO:colcon.colcon_core.shell:Skip shell extension 'powershell' for command environment: Not usable outside of PowerShell
[0.269s] DEBUG:colcon.colcon_core.shell:Skip shell extension 'dsv' for command environment
[0.271s] INFO:colcon.colcon_ros.task.ament_cmake.build:Building ROS package in '/ros2_ws/src/sensor_fusion' with build type 'ament_cmake'
[0.272s] INFO:colcon.colcon_cmake.task.cmake.build:Building CMake package in '/ros2_ws/src/sensor_fusion'
[0.272s] INFO:colcon.colcon_core.shell:Skip shell extension 'powershell' for command environment: Not usable outside of PowerShell
[0.272s] DEBUG:colcon.colcon_core.shell:Skip shell extension 'dsv' for command environment
[0.274s] INFO:colcon.colcon_ros.task.ament_cmake.build:Building ROS package in '/ros2_ws/src/virtual_odom' with build type 'ament_cmake'
[0.274s] INFO:colcon.colcon_cmake.task.cmake.build:Building CMake package in '/ros2_ws/src/virtual_odom'
[0.274s] INFO:colcon.colcon_core.shell:Skip shell extension 'powershell' for command environment: Not usable outside of PowerShell
[0.274s] DEBUG:colcon.colcon_core.shell:Skip shell extension 'dsv' for command environment
[0.277s] INFO:colcon.colcon_ros.task.ament_cmake.build:Building ROS package in '/ros2_ws/src/webots_platform' with build type 'ament_cmake'
[0.277s] INFO:colcon.colcon_cmake.task.cmake.build:Building CMake package in '/ros2_ws/src/webots_platform'
[0.277s] INFO:colcon.colcon_core.shell:Skip shell extension 'powershell' for command environment: Not usable outside of PowerShell
[0.277s] DEBUG:colcon.colcon_core.shell:Skip shell extension 'dsv' for command environment
[0.282s] DEBUG:colcon.colcon_core.event_handler.log_command:Invoking command in '/ros2_ws/build/autonomous_navigation': CMAKE_PREFIX_PATH=/opt/ros/humble /usr/bin/cmake /ros2_ws/src/autonomous_navigation -DCMAKE_BUILD_TYPE=Release -DAMENT_CMAKE_SYMLINK_INSTALL=1 -DCMAKE_INSTALL_PREFIX=/ros2_ws/install/autonomous_navigation
[0.283s] DEBUG:colcon.colcon_core.event_handler.log_command:Invoking command in '/ros2_ws/build/sensor_fusion': CMAKE_PREFIX_PATH=/opt/ros/humble /usr/bin/cmake /ros2_ws/src/sensor_fusion -DCMAKE_BUILD_TYPE=Release -DAMENT_CMAKE_SYMLINK_INSTALL=1 -DCMAKE_INSTALL_PREFIX=/ros2_ws/install/sensor_fusion
[0.285s] DEBUG:colcon.colcon_core.event_handler.log_command:Invoking command in '/ros2_ws/build/virtual_odom': CMAKE_PREFIX_PATH=/opt/ros/humble /usr/bin/cmake /ros2_ws/src/virtual_odom -DCMAKE_BUILD_TYPE=Release -DAMENT_CMAKE_SYMLINK_INSTALL=1 -DCMAKE_INSTALL_PREFIX=/ros2_ws/install/virtual_odom
[0.288s] DEBUG:colcon.colcon_core.event_handler.log_command:Invoking command in '/ros2_ws/build/webots_platform': CMAKE_PREFIX_PATH=/opt/ros/humble /usr/bin/cmake /ros2_ws/src/webots_platform -DCMAKE_BUILD_TYPE=Release -DAMENT_CMAKE_SYMLINK_INSTALL=1 -DCMAKE_INSTALL_PREFIX=/ros2_ws/install/webots_platform
[1.895s] DEBUG:colcon.colcon_core.event_handler.log_command:Invoked command in '/ros2_ws/build/autonomous_navigation' returned '0': CMAKE_PREFIX_PATH=/opt/ros/humble /usr/bin/cmake /ros2_ws/src/autonomous_navigation -DCMAKE_BUILD_TYPE=Release -DAMENT_CMAKE_SYMLINK_INSTALL=1 -DCMAKE_INSTALL_PREFIX=/ros2_ws/install/autonomous_navigation
[1.897s] DEBUG:colcon.colcon_core.event_handler.log_command:Invoking command in '/ros2_ws/build/autonomous_navigation': CMAKE_PREFIX_PATH=/opt/ros/humble /usr/bin/cmake --build /ros2_ws/build/autonomous_navigation -- -j12 -l12
[1.909s] DEBUG:colcon.colcon_core.event_handler.log_command:Invoked command in '/ros2_ws/build/sensor_fusion' returned '0': CMAKE_PREFIX_PATH=/opt/ros/humble /usr/bin/cmake /ros2_ws/src/sensor_fusion -DCMAKE_BUILD_TYPE=Release -DAMENT_CMAKE_SYMLINK_INSTALL=1 -DCMAKE_INSTALL_PREFIX=/ros2_ws/install/sensor_fusion
[1.910s] DEBUG:colcon.colcon_core.event_handler.log_command:Invoking command in '/ros2_ws/build/sensor_fusion': CMAKE_PREFIX_PATH=/opt/ros/humble /usr/bin/cmake --build /ros2_ws/build/sensor_fusion -- -j12 -l12
[1.937s] DEBUG:colcon.colcon_core.event_handler.log_command:Invoked command in '/ros2_ws/build/autonomous_navigation' returned '0': CMAKE_PREFIX_PATH=/opt/ros/humble /usr/bin/cmake --build /ros2_ws/build/autonomous_navigation -- -j12 -l12
[1.950s] DEBUG:colcon.colcon_core.event_handler.log_command:Invoking command in '/ros2_ws/build/autonomous_navigation': CMAKE_PREFIX_PATH=/opt/ros/humble /usr/bin/cmake --install /ros2_ws/build/autonomous_navigation
[1.956s] DEBUG:colcon.colcon_core.event_handler.log_command:Invoked command in '/ros2_ws/build/sensor_fusion' returned '0': CMAKE_PREFIX_PATH=/opt/ros/humble /usr/bin/cmake --build /ros2_ws/build/sensor_fusion -- -j12 -l12
[1.958s] DEBUG:colcon.colcon_core.event_handler.log_command:Invoking command in '/ros2_ws/build/sensor_fusion': CMAKE_PREFIX_PATH=/opt/ros/humble /usr/bin/cmake --install /ros2_ws/build/sensor_fusion
[2.016s] DEBUG:colcon.colcon_core.event_handler.log_command:Invoked command in '/ros2_ws/build/webots_platform' returned '0': CMAKE_PREFIX_PATH=/opt/ros/humble /usr/bin/cmake /ros2_ws/src/webots_platform -DCMAKE_BUILD_TYPE=Release -DAMENT_CMAKE_SYMLINK_INSTALL=1 -DCMAKE_INSTALL_PREFIX=/ros2_ws/install/webots_platform
[2.017s] DEBUG:colcon.colcon_core.event_handler.log_command:Invoking command in '/ros2_ws/build/webots_platform': CMAKE_PREFIX_PATH=/opt/ros/humble /usr/bin/cmake --build /ros2_ws/build/webots_platform -- -j12 -l12
[2.165s] Level 1:colcon.colcon_core.environment:create_environment_scripts_only(autonomous_navigation)
[2.165s] DEBUG:colcon.colcon_core.event_handler.log_command:Invoked command in '/ros2_ws/build/autonomous_navigation' returned '0': CMAKE_PREFIX_PATH=/opt/ros/humble /usr/bin/cmake --install /ros2_ws/build/autonomous_navigation
[2.168s] Level 1:colcon.colcon_core.environment:checking '/ros2_ws/install/autonomous_navigation' for CMake module files
[2.168s] Level 1:colcon.colcon_core.environment:checking '/ros2_ws/install/autonomous_navigation' for CMake config files
[2.169s] Level 1:colcon.colcon_core.shell:create_environment_hook('autonomous_navigation', 'cmake_prefix_path')
[2.169s] INFO:colcon.colcon_core.shell:Creating environment hook '/ros2_ws/install/autonomous_navigation/share/autonomous_navigation/hook/cmake_prefix_path.ps1'
[2.170s] INFO:colcon.colcon_core.shell:Creating environment descriptor '/ros2_ws/install/autonomous_navigation/share/autonomous_navigation/hook/cmake_prefix_path.dsv'
[2.170s] INFO:colcon.colcon_core.shell:Creating environment hook '/ros2_ws/install/autonomous_navigation/share/autonomous_navigation/hook/cmake_prefix_path.sh'
[2.171s] Level 1:colcon.colcon_core.environment:checking '/ros2_ws/install/autonomous_navigation/bin'
[2.171s] Level 1:colcon.colcon_core.environment:checking '/ros2_ws/install/autonomous_navigation/lib/pkgconfig/autonomous_navigation.pc'
[2.171s] Level 1:colcon.colcon_core.environment:checking '/ros2_ws/install/autonomous_navigation/lib/python3.10/site-packages'
[2.172s] Level 1:colcon.colcon_core.environment:checking '/ros2_ws/install/autonomous_navigation/bin'
[2.172s] INFO:colcon.colcon_core.shell:Creating package script '/ros2_ws/install/autonomous_navigation/share/autonomous_navigation/package.ps1'
[2.174s] INFO:colcon.colcon_core.shell:Creating package descriptor '/ros2_ws/install/autonomous_navigation/share/autonomous_navigation/package.dsv'
[2.175s] INFO:colcon.colcon_core.shell:Creating package script '/ros2_ws/install/autonomous_navigation/share/autonomous_navigation/package.sh'
[2.176s] INFO:colcon.colcon_core.shell:Creating package script '/ros2_ws/install/autonomous_navigation/share/autonomous_navigation/package.bash'
[2.178s] INFO:colcon.colcon_core.shell:Creating package script '/ros2_ws/install/autonomous_navigation/share/autonomous_navigation/package.zsh'
[2.179s] Level 1:colcon.colcon_core.environment:create_file_with_runtime_dependencies(/ros2_ws/install/autonomous_navigation/share/colcon-core/packages/autonomous_navigation)
[2.179s] Level 1:colcon.colcon_core.environment:create_environment_scripts_only(autonomous_navigation)
[2.180s] Level 1:colcon.colcon_core.environment:checking '/ros2_ws/install/autonomous_navigation' for CMake module files
[2.180s] Level 1:colcon.colcon_core.environment:checking '/ros2_ws/install/autonomous_navigation' for CMake config files
[2.181s] Level 1:colcon.colcon_core.shell:create_environment_hook('autonomous_navigation', 'cmake_prefix_path')
[2.181s] INFO:colcon.colcon_core.shell:Creating environment hook '/ros2_ws/install/autonomous_navigation/share/autonomous_navigation/hook/cmake_prefix_path.ps1'
[2.182s] INFO:colcon.colcon_core.shell:Creating environment descriptor '/ros2_ws/install/autonomous_navigation/share/autonomous_navigation/hook/cmake_prefix_path.dsv'
[2.182s] INFO:colcon.colcon_core.shell:Creating environment hook '/ros2_ws/install/autonomous_navigation/share/autonomous_navigation/hook/cmake_prefix_path.sh'
[2.183s] Level 1:colcon.colcon_core.environment:checking '/ros2_ws/install/autonomous_navigation/bin'
[2.183s] Level 1:colcon.colcon_core.environment:checking '/ros2_ws/install/autonomous_navigation/lib/pkgconfig/autonomous_navigation.pc'
[2.183s] Level 1:colcon.colcon_core.environment:checking '/ros2_ws/install/autonomous_navigation/lib/python3.10/site-packages'
[2.184s] Level 1:colcon.colcon_core.environment:checking '/ros2_ws/install/autonomous_navigation/bin'
[2.184s] INFO:colcon.colcon_core.shell:Creating package script '/ros2_ws/install/autonomous_navigation/share/autonomous_navigation/package.ps1'
[2.185s] INFO:colcon.colcon_core.shell:Creating package descriptor '/ros2_ws/install/autonomous_navigation/share/autonomous_navigation/package.dsv'
[2.185s] INFO:colcon.colcon_core.shell:Creating package script '/ros2_ws/install/autonomous_navigation/share/autonomous_navigation/package.sh'
[2.186s] INFO:colcon.colcon_core.shell:Creating package script '/ros2_ws/install/autonomous_navigation/share/autonomous_navigation/package.bash'
[2.186s] INFO:colcon.colcon_core.shell:Creating package script '/ros2_ws/install/autonomous_navigation/share/autonomous_navigation/package.zsh'
[2.187s] Level 1:colcon.colcon_core.environment:create_file_with_runtime_dependencies(/ros2_ws/install/autonomous_navigation/share/colcon-core/packages/autonomous_navigation)
[2.187s] Level 1:colcon.colcon_core.environment:create_environment_scripts_only(sensor_fusion)
[2.188s] Level 1:colcon.colcon_core.environment:checking '/ros2_ws/install/sensor_fusion' for CMake module files
[2.188s] DEBUG:colcon.colcon_core.event_handler.log_command:Invoked command in '/ros2_ws/build/sensor_fusion' returned '0': CMAKE_PREFIX_PATH=/opt/ros/humble /usr/bin/cmake --install /ros2_ws/build/sensor_fusion
[2.189s] Level 1:colcon.colcon_core.environment:checking '/ros2_ws/install/sensor_fusion' for CMake config files
[2.189s] Level 1:colcon.colcon_core.shell:create_environment_hook('sensor_fusion', 'cmake_prefix_path')
[2.189s] INFO:colcon.colcon_core.shell:Creating environment hook '/ros2_ws/install/sensor_fusion/share/sensor_fusion/hook/cmake_prefix_path.ps1'
[2.190s] INFO:colcon.colcon_core.shell:Creating environment descriptor '/ros2_ws/install/sensor_fusion/share/sensor_fusion/hook/cmake_prefix_path.dsv'
[2.190s] INFO:colcon.colcon_core.shell:Creating environment hook '/ros2_ws/install/sensor_fusion/share/sensor_fusion/hook/cmake_prefix_path.sh'
[2.191s] Level 1:colcon.colcon_core.environment:checking '/ros2_ws/install/sensor_fusion/lib'
[2.191s] Level 1:colcon.colcon_core.environment:checking '/ros2_ws/install/sensor_fusion/bin'
[2.191s] Level 1:colcon.colcon_core.environment:checking '/ros2_ws/install/sensor_fusion/lib/pkgconfig/sensor_fusion.pc'
[2.192s] Level 1:colcon.colcon_core.environment:checking '/ros2_ws/install/sensor_fusion/lib/python3.10/site-packages'
[2.192s] Level 1:colcon.colcon_core.environment:checking '/ros2_ws/install/sensor_fusion/bin'
[2.193s] INFO:colcon.colcon_core.shell:Creating package script '/ros2_ws/install/sensor_fusion/share/sensor_fusion/package.ps1'
[2.193s] INFO:colcon.colcon_core.shell:Creating package descriptor '/ros2_ws/install/sensor_fusion/share/sensor_fusion/package.dsv'
[2.194s] INFO:colcon.colcon_core.shell:Creating package script '/ros2_ws/install/sensor_fusion/share/sensor_fusion/package.sh'
[2.195s] INFO:colcon.colcon_core.shell:Creating package script '/ros2_ws/install/sensor_fusion/share/sensor_fusion/package.bash'
[2.195s] INFO:colcon.colcon_core.shell:Creating package script '/ros2_ws/install/sensor_fusion/share/sensor_fusion/package.zsh'
[2.195s] Level 1:colcon.colcon_core.environment:create_file_with_runtime_dependencies(/ros2_ws/install/sensor_fusion/share/colcon-core/packages/sensor_fusion)
[2.196s] Level 1:colcon.colcon_core.environment:create_environment_scripts_only(sensor_fusion)
[2.197s] Level 1:colcon.colcon_core.environment:checking '/ros2_ws/install/sensor_fusion' for CMake module files
[2.197s] Level 1:colcon.colcon_core.environment:checking '/ros2_ws/install/sensor_fusion' for CMake config files
[2.197s] Level 1:colcon.colcon_core.shell:create_environment_hook('sensor_fusion', 'cmake_prefix_path')
[2.197s] INFO:colcon.colcon_core.shell:Creating environment hook '/ros2_ws/install/sensor_fusion/share/sensor_fusion/hook/cmake_prefix_path.ps1'
[2.198s] INFO:colcon.colcon_core.shell:Creating environment descriptor '/ros2_ws/install/sensor_fusion/share/sensor_fusion/hook/cmake_prefix_path.dsv'
[2.198s] INFO:colcon.colcon_core.shell:Creating environment hook '/ros2_ws/install/sensor_fusion/share/sensor_fusion/hook/cmake_prefix_path.sh'
[2.198s] Level 1:colcon.colcon_core.environment:checking '/ros2_ws/install/sensor_fusion/lib'
[2.198s] Level 1:colcon.colcon_core.environment:checking '/ros2_ws/install/sensor_fusion/bin'
[2.198s] Level 1:colcon.colcon_core.environment:checking '/ros2_ws/install/sensor_fusion/lib/pkgconfig/sensor_fusion.pc'
[2.198s] Level 1:colcon.colcon_core.environment:checking '/ros2_ws/install/sensor_fusion/lib/python3.10/site-packages'
[2.199s] Level 1:colcon.colcon_core.environment:checking '/ros2_ws/install/sensor_fusion/bin'
[2.199s] INFO:colcon.colcon_core.shell:Creating package script '/ros2_ws/install/sensor_fusion/share/sensor_fusion/package.ps1'
[2.199s] INFO:colcon.colcon_core.shell:Creating package descriptor '/ros2_ws/install/sensor_fusion/share/sensor_fusion/package.dsv'
[2.199s] INFO:colcon.colcon_core.shell:Creating package script '/ros2_ws/install/sensor_fusion/share/sensor_fusion/package.sh'
[2.200s] INFO:colcon.colcon_core.shell:Creating package script '/ros2_ws/install/sensor_fusion/share/sensor_fusion/package.bash'
[2.200s] INFO:colcon.colcon_core.shell:Creating package script '/ros2_ws/install/sensor_fusion/share/sensor_fusion/package.zsh'
[2.200s] Level 1:colcon.colcon_core.environment:create_file_with_runtime_dependencies(/ros2_ws/install/sensor_fusion/share/colcon-core/packages/sensor_fusion)
[3.324s] DEBUG:colcon.colcon_core.event_handler.log_command:Invoked command in '/ros2_ws/build/virtual_odom' returned '0': CMAKE_PREFIX_PATH=/opt/ros/humble /usr/bin/cmake /ros2_ws/src/virtual_odom -DCMAKE_BUILD_TYPE=Release -DAMENT_CMAKE_SYMLINK_INSTALL=1 -DCMAKE_INSTALL_PREFIX=/ros2_ws/install/virtual_odom
[3.324s] DEBUG:colcon.colcon_core.event_handler.log_command:Invoking command in '/ros2_ws/build/virtual_odom': CMAKE_PREFIX_PATH=/opt/ros/humble /usr/bin/cmake --build /ros2_ws/build/virtual_odom -- -j12 -l12
[3.363s] DEBUG:colcon.colcon_core.event_handler.log_command:Invoked command in '/ros2_ws/build/virtual_odom' returned '0': CMAKE_PREFIX_PATH=/opt/ros/humble /usr/bin/cmake --build /ros2_ws/build/virtual_odom -- -j12 -l12
[3.365s] DEBUG:colcon.colcon_core.event_handler.log_command:Invoking command in '/ros2_ws/build/virtual_odom': CMAKE_PREFIX_PATH=/opt/ros/humble /usr/bin/cmake --install /ros2_ws/build/virtual_odom
[3.516s] Level 1:colcon.colcon_core.environment:create_environment_scripts_only(virtual_odom)
[3.516s] Level 1:colcon.colcon_core.environment:checking '/ros2_ws/install/virtual_odom' for CMake module files
[3.517s] DEBUG:colcon.colcon_core.event_handler.log_command:Invoked command in '/ros2_ws/build/virtual_odom' returned '0': CMAKE_PREFIX_PATH=/opt/ros/humble /usr/bin/cmake --install /ros2_ws/build/virtual_odom
[3.517s] Level 1:colcon.colcon_core.environment:checking '/ros2_ws/install/virtual_odom' for CMake config files
[3.518s] Level 1:colcon.colcon_core.shell:create_environment_hook('virtual_odom', 'cmake_prefix_path')
[3.518s] INFO:colcon.colcon_core.shell:Creating environment hook '/ros2_ws/install/virtual_odom/share/virtual_odom/hook/cmake_prefix_path.ps1'
[3.519s] INFO:colcon.colcon_core.shell:Creating environment descriptor '/ros2_ws/install/virtual_odom/share/virtual_odom/hook/cmake_prefix_path.dsv'
[3.519s] INFO:colcon.colcon_core.shell:Creating environment hook '/ros2_ws/install/virtual_odom/share/virtual_odom/hook/cmake_prefix_path.sh'
[3.520s] Level 1:colcon.colcon_core.environment:checking '/ros2_ws/install/virtual_odom/lib'
[3.520s] Level 1:colcon.colcon_core.environment:checking '/ros2_ws/install/virtual_odom/bin'
[3.520s] Level 1:colcon.colcon_core.environment:checking '/ros2_ws/install/virtual_odom/lib/pkgconfig/virtual_odom.pc'
[3.520s] Level 1:colcon.colcon_core.environment:checking '/ros2_ws/install/virtual_odom/lib/python3.10/site-packages'
[3.521s] Level 1:colcon.colcon_core.environment:checking '/ros2_ws/install/virtual_odom/bin'
[3.521s] INFO:colcon.colcon_core.shell:Creating package script '/ros2_ws/install/virtual_odom/share/virtual_odom/package.ps1'
[3.521s] INFO:colcon.colcon_core.shell:Creating package descriptor '/ros2_ws/install/virtual_odom/share/virtual_odom/package.dsv'
[3.522s] INFO:colcon.colcon_core.shell:Creating package script '/ros2_ws/install/virtual_odom/share/virtual_odom/package.sh'
[3.522s] INFO:colcon.colcon_core.shell:Creating package script '/ros2_ws/install/virtual_odom/share/virtual_odom/package.bash'
[3.522s] INFO:colcon.colcon_core.shell:Creating package script '/ros2_ws/install/virtual_odom/share/virtual_odom/package.zsh'
[3.522s] Level 1:colcon.colcon_core.environment:create_file_with_runtime_dependencies(/ros2_ws/install/virtual_odom/share/colcon-core/packages/virtual_odom)
[3.523s] Level 1:colcon.colcon_core.environment:create_environment_scripts_only(virtual_odom)
[3.523s] Level 1:colcon.colcon_core.environment:checking '/ros2_ws/install/virtual_odom' for CMake module files
[3.523s] Level 1:colcon.colcon_core.environment:checking '/ros2_ws/install/virtual_odom' for CMake config files
[3.524s] Level 1:colcon.colcon_core.shell:create_environment_hook('virtual_odom', 'cmake_prefix_path')
[3.524s] INFO:colcon.colcon_core.shell:Creating environment hook '/ros2_ws/install/virtual_odom/share/virtual_odom/hook/cmake_prefix_path.ps1'
[3.524s] INFO:colcon.colcon_core.shell:Creating environment descriptor '/ros2_ws/install/virtual_odom/share/virtual_odom/hook/cmake_prefix_path.dsv'
[3.524s] INFO:colcon.colcon_core.shell:Creating environment hook '/ros2_ws/install/virtual_odom/share/virtual_odom/hook/cmake_prefix_path.sh'
[3.525s] Level 1:colcon.colcon_core.environment:checking '/ros2_ws/install/virtual_odom/lib'
[3.525s] Level 1:colcon.colcon_core.environment:checking '/ros2_ws/install/virtual_odom/bin'
[3.525s] Level 1:colcon.colcon_core.environment:checking '/ros2_ws/install/virtual_odom/lib/pkgconfig/virtual_odom.pc'
[3.525s] Level 1:colcon.colcon_core.environment:checking '/ros2_ws/install/virtual_odom/lib/python3.10/site-packages'
[3.525s] Level 1:colcon.colcon_core.environment:checking '/ros2_ws/install/virtual_odom/bin'
[3.525s] INFO:colcon.colcon_core.shell:Creating package script '/ros2_ws/install/virtual_odom/share/virtual_odom/package.ps1'
[3.526s] INFO:colcon.colcon_core.shell:Creating package descriptor '/ros2_ws/install/virtual_odom/share/virtual_odom/package.dsv'
[3.526s] INFO:colcon.colcon_core.shell:Creating package script '/ros2_ws/install/virtual_odom/share/virtual_odom/package.sh'
[3.526s] INFO:colcon.colcon_core.shell:Creating package script '/ros2_ws/install/virtual_odom/share/virtual_odom/package.bash'
[3.527s] INFO:colcon.colcon_core.shell:Creating package script '/ros2_ws/install/virtual_odom/share/virtual_odom/package.zsh'
[3.527s] Level 1:colcon.colcon_core.environment:create_file_with_runtime_dependencies(/ros2_ws/install/virtual_odom/share/colcon-core/packages/virtual_odom)
[11.931s] DEBUG:colcon.colcon_core.event_handler.log_command:Invoked command in '/ros2_ws/build/webots_platform' returned '0': CMAKE_PREFIX_PATH=/opt/ros/humble /usr/bin/cmake --build /ros2_ws/build/webots_platform -- -j12 -l12
[11.932s] DEBUG:colcon.colcon_core.event_handler.log_command:Invoking command in '/ros2_ws/build/webots_platform': CMAKE_PREFIX_PATH=/opt/ros/humble /usr/bin/cmake --install /ros2_ws/build/webots_platform
[12.510s] Level 1:colcon.colcon_core.environment:create_environment_scripts_only(webots_platform)
[12.511s] Level 1:colcon.colcon_core.environment:checking '/ros2_ws/install/webots_platform' for CMake module files
[12.512s] DEBUG:colcon.colcon_core.event_handler.log_command:Invoked command in '/ros2_ws/build/webots_platform' returned '0': CMAKE_PREFIX_PATH=/opt/ros/humble /usr/bin/cmake --install /ros2_ws/build/webots_platform
[12.513s] Level 1:colcon.colcon_core.environment:checking '/ros2_ws/install/webots_platform' for CMake config files
[12.514s] Level 1:colcon.colcon_core.shell:create_environment_hook('webots_platform', 'cmake_prefix_path')
[12.514s] INFO:colcon.colcon_core.shell:Creating environment hook '/ros2_ws/install/webots_platform/share/webots_platform/hook/cmake_prefix_path.ps1'
[12.515s] INFO:colcon.colcon_core.shell:Creating environment descriptor '/ros2_ws/install/webots_platform/share/webots_platform/hook/cmake_prefix_path.dsv'
[12.516s] INFO:colcon.colcon_core.shell:Creating environment hook '/ros2_ws/install/webots_platform/share/webots_platform/hook/cmake_prefix_path.sh'
[12.517s] Level 1:colcon.colcon_core.environment:checking '/ros2_ws/install/webots_platform/lib'
[12.517s] Level 1:colcon.colcon_core.shell:create_environment_hook('webots_platform', 'ld_library_path_lib')
[12.517s] INFO:colcon.colcon_core.shell:Creating environment hook '/ros2_ws/install/webots_platform/share/webots_platform/hook/ld_library_path_lib.ps1'
[12.518s] INFO:colcon.colcon_core.shell:Creating environment descriptor '/ros2_ws/install/webots_platform/share/webots_platform/hook/ld_library_path_lib.dsv'
[12.518s] INFO:colcon.colcon_core.shell:Creating environment hook '/ros2_ws/install/webots_platform/share/webots_platform/hook/ld_library_path_lib.sh'
[12.518s] Level 1:colcon.colcon_core.environment:checking '/ros2_ws/install/webots_platform/bin'
[12.518s] Level 1:colcon.colcon_core.environment:checking '/ros2_ws/install/webots_platform/lib/pkgconfig/webots_platform.pc'
[12.519s] Level 1:colcon.colcon_core.environment:checking '/ros2_ws/install/webots_platform/lib/python3.10/site-packages'
[12.519s] Level 1:colcon.colcon_core.environment:checking '/ros2_ws/install/webots_platform/bin'
[12.519s] INFO:colcon.colcon_core.shell:Creating package script '/ros2_ws/install/webots_platform/share/webots_platform/package.ps1'
[12.520s] INFO:colcon.colcon_core.shell:Creating package descriptor '/ros2_ws/install/webots_platform/share/webots_platform/package.dsv'
[12.520s] INFO:colcon.colcon_core.shell:Creating package script '/ros2_ws/install/webots_platform/share/webots_platform/package.sh'
[12.521s] INFO:colcon.colcon_core.shell:Creating package script '/ros2_ws/install/webots_platform/share/webots_platform/package.bash'
[12.521s] INFO:colcon.colcon_core.shell:Creating package script '/ros2_ws/install/webots_platform/share/webots_platform/package.zsh'
[12.521s] Level 1:colcon.colcon_core.environment:create_file_with_runtime_dependencies(/ros2_ws/install/webots_platform/share/colcon-core/packages/webots_platform)
[12.522s] Level 1:colcon.colcon_core.environment:create_environment_scripts_only(webots_platform)
[12.522s] Level 1:colcon.colcon_core.environment:checking '/ros2_ws/install/webots_platform' for CMake module files
[12.522s] Level 1:colcon.colcon_core.environment:checking '/ros2_ws/install/webots_platform' for CMake config files
[12.522s] Level 1:colcon.colcon_core.shell:create_environment_hook('webots_platform', 'cmake_prefix_path')
[12.523s] INFO:colcon.colcon_core.shell:Creating environment hook '/ros2_ws/install/webots_platform/share/webots_platform/hook/cmake_prefix_path.ps1'
[12.523s] INFO:colcon.colcon_core.shell:Creating environment descriptor '/ros2_ws/install/webots_platform/share/webots_platform/hook/cmake_prefix_path.dsv'
[12.523s] INFO:colcon.colcon_core.shell:Creating environment hook '/ros2_ws/install/webots_platform/share/webots_platform/hook/cmake_prefix_path.sh'
[12.523s] Level 1:colcon.colcon_core.environment:checking '/ros2_ws/install/webots_platform/lib'
[12.524s] Level 1:colcon.colcon_core.shell:create_environment_hook('webots_platform', 'ld_library_path_lib')
[12.524s] INFO:colcon.colcon_core.shell:Creating environment hook '/ros2_ws/install/webots_platform/share/webots_platform/hook/ld_library_path_lib.ps1'
[12.524s] INFO:colcon.colcon_core.shell:Creating environment descriptor '/ros2_ws/install/webots_platform/share/webots_platform/hook/ld_library_path_lib.dsv'
[12.524s] INFO:colcon.colcon_core.shell:Creating environment hook '/ros2_ws/install/webots_platform/share/webots_platform/hook/ld_library_path_lib.sh'
[12.524s] Level 1:colcon.colcon_core.environment:checking '/ros2_ws/install/webots_platform/bin'
[12.524s] Level 1:colcon.colcon_core.environment:checking '/ros2_ws/install/webots_platform/lib/pkgconfig/webots_platform.pc'
[12.524s] Level 1:colcon.colcon_core.environment:checking '/ros2_ws/install/webots_platform/lib/python3.10/site-packages'
[12.525s] Level 1:colcon.colcon_core.environment:checking '/ros2_ws/install/webots_platform/bin'
[12.525s] INFO:colcon.colcon_core.shell:Creating package script '/ros2_ws/install/webots_platform/share/webots_platform/package.ps1'
[12.525s] INFO:colcon.colcon_core.shell:Creating package descriptor '/ros2_ws/install/webots_platform/share/webots_platform/package.dsv'
[12.526s] INFO:colcon.colcon_core.shell:Creating package script '/ros2_ws/install/webots_platform/share/webots_platform/package.sh'
[12.526s] INFO:colcon.colcon_core.shell:Creating package script '/ros2_ws/install/webots_platform/share/webots_platform/package.bash'
[12.526s] INFO:colcon.colcon_core.shell:Creating package script '/ros2_ws/install/webots_platform/share/webots_platform/package.zsh'
[12.526s] Level 1:colcon.colcon_core.environment:create_file_with_runtime_dependencies(/ros2_ws/install/webots_platform/share/colcon-core/packages/webots_platform)
[12.526s] DEBUG:colcon.colcon_parallel_executor.executor.parallel:closing loop
[12.526s] DEBUG:colcon.colcon_parallel_executor.executor.parallel:loop closed
[12.526s] DEBUG:colcon.colcon_parallel_executor.executor.parallel:run_until_complete finished with '0'
[12.527s] DEBUG:colcon.colcon_core.event_reactor:joining thread
[12.531s] INFO:colcon.colcon_core.plugin_system:Skipping extension 'colcon_notification.desktop_notification.notify_send': Could not find 'notify-send'
[12.531s] INFO:colcon.colcon_core.plugin_system:Skipping extension 'colcon_notification.desktop_notification.terminal_notifier': Not used on non-Darwin systems
[12.531s] INFO:colcon.colcon_core.plugin_system:Skipping extension 'colcon_notification.desktop_notification.win32': Not used on non-Windows systems
[12.531s] INFO:colcon.colcon_notification.desktop_notification:Sending desktop notification using 'notify2'
[12.531s] DEBUG:colcon.colcon_notification.desktop_notification.notify2:Failed to initialize notify2: org.freedesktop.DBus.Error.NotSupported: Unable to autolaunch a dbus-daemon without a $DISPLAY for X11
[12.531s] DEBUG:colcon.colcon_core.event_reactor:joined thread
[12.532s] INFO:colcon.colcon_core.shell:Creating prefix script '/ros2_ws/install/local_setup.ps1'
[12.533s] INFO:colcon.colcon_core.shell:Creating prefix util module '/ros2_ws/install/_local_setup_util_ps1.py'
[12.535s] INFO:colcon.colcon_core.shell:Creating prefix chain script '/ros2_ws/install/setup.ps1'
[12.537s] INFO:colcon.colcon_core.shell:Creating prefix script '/ros2_ws/install/local_setup.sh'
[12.538s] INFO:colcon.colcon_core.shell:Creating prefix util module '/ros2_ws/install/_local_setup_util_sh.py'
[12.538s] INFO:colcon.colcon_core.shell:Creating prefix chain script '/ros2_ws/install/setup.sh'
[12.540s] INFO:colcon.colcon_core.shell:Creating prefix script '/ros2_ws/install/local_setup.bash'
[12.540s] INFO:colcon.colcon_core.shell:Creating prefix chain script '/ros2_ws/install/setup.bash'
[12.541s] INFO:colcon.colcon_core.shell:Creating prefix script '/ros2_ws/install/local_setup.zsh'
[12.541s] INFO:colcon.colcon_core.shell:Creating prefix chain script '/ros2_ws/install/setup.zsh'
